# JRE version: Java(TM) SE Runtime Environment 18.9 (11.0.13+10) (build 11.0.13+10-LTS-370)
# Java VM: Java HotSpot(TM) 64-Bit Server VM 18.9 (11.0.13+10-LTS-370, mixed mode, tiered, compressed oops, g1 gc, windows-amd64)
Heap:
 garbage-first heap   total 113664K, used 8701K [0x00000000a4a00000, 0x0000000100000000)
  region size 1024K, 2 young (2048K), 2 survivors (2048K)
 Metaspace       used 19100K, capacity 19762K, committed 19968K, reserved 1067008K
  class space    used 2263K, capacity 2546K, committed 2560K, reserved 1048576K
GC Heap History (9 events):
Event: 1.323 GC heap before
{Heap before GC invocations=0 (full 0):
 garbage-first heap   total 94208K, used 7168K [0x00000000a4a00000, 0x0000000100000000)
  region size 1024K, 7 young (7168K), 0 survivors (0K)
 Metaspace       used 7749K, capacity 7846K, committed 8064K, reserved 1056768K
  class space    used 736K, capacity 785K, committed 896K, reserved 1048576K
}
Event: 1.345 GC heap after
{Heap after GC invocations=1 (full 0):
 garbage-first heap   total 94208K, used 4903K [0x00000000a4a00000, 0x0000000100000000)
  region size 1024K, 1 young (1024K), 1 survivors (1024K)
 Metaspace       used 7749K, capacity 7846K, committed 8064K, reserved 1056768K
  class space    used 736K, capacity 785K, committed 896K, reserved 1048576K
}
Event: 1.633 GC heap before
{Heap before GC invocations=1 (full 0):
 garbage-first heap   total 94208K, used 7975K [0x00000000a4a00000, 0x0000000100000000)
  region size 1024K, 4 young (4096K), 1 survivors (1024K)
 Metaspace       used 9736K, capacity 9897K, committed 10112K, reserved 1058816K
  class space    used 1004K, capacity 1067K, committed 1152K, reserved 1048576K
}
Event: 1.640 GC heap after
{Heap after GC invocations=2 (full 0):
 garbage-first heap   total 94208K, used 5548K [0x00000000a4a00000, 0x0000000100000000)
  region size 1024K, 1 young (1024K), 1 survivors (1024K)
 Metaspace       used 9736K, capacity 9897K, committed 10112K, reserved 1058816K
  class space    used 1004K, capacity 1067K, committed 1152K, reserved 1048576K
}
Event: 2.829 GC heap before
{Heap before GC invocations=2 (full 0):
 garbage-first heap   total 94208K, used 15788K [0x00000000a4a00000, 0x0000000100000000)
  region size 1024K, 11 young (11264K), 1 survivors (1024K)
 Metaspace       used 13688K, capacity 14024K, committed 14208K, reserved 1062912K
  class space    used 1460K, capacity 1601K, committed 1664K, reserved 1048576K
}
Event: 2.837 GC heap after
{Heap after GC invocations=3 (full 0):
 garbage-first heap   total 94208K, used 6927K [0x00000000a4a00000, 0x0000000100000000)
  region size 1024K, 2 young (2048K), 2 survivors (2048K)
 Metaspace       used 13688K, capacity 14024K, committed 14208K, reserved 1062912K
  class space    used 1460K, capacity 1601K, committed 1664K, reserved 1048576K
}
Event: 3.461 GC heap before
{Heap before GC invocations=3 (full 0):
 garbage-first heap   total 94208K, used 21263K [0x00000000a4a00000, 0x0000000100000000)
  region size 1024K, 16 young (16384K), 2 survivors (2048K)
 Metaspace       used 15602K, capacity 16058K, committed 16384K, reserved 1062912K
  class space    used 1748K, capacity 1940K, committed 2048K, reserved 1048576K
}
Event: 3.470 GC heap after
{Heap after GC invocations=4 (full 0):
 garbage-first heap   total 94208K, used 7642K [0x00000000a4a00000, 0x0000000100000000)
  region size 1024K, 1 young (1024K), 1 survivors (1024K)
 Metaspace       used 15602K, capacity 16058K, committed 16384K, reserved 1062912K
  class space    used 1748K, capacity 1940K, committed 2048K, reserved 1048576K
}
Event: 4.770 GC heap before
{Heap before GC invocations=4 (full 0):
 garbage-first heap   total 94208K, used 29146K [0x00000000a4a00000, 0x0000000100000000)
  region size 1024K, 22 young (22528K), 1 survivors (1024K)
 Metaspace       used 19100K, capacity 19762K, committed 19968K, reserved 1067008K
  class space    used 2263K, capacity 2546K, committed 2560K, reserved 1048576K
}

